mode: set
github.com/jasaf/finalize-cli/internal/file/file.go:13.57,16.16 2 0
github.com/jasaf/finalize-cli/internal/file/file.go:16.16,18.3 1 0
github.com/jasaf/finalize-cli/internal/file/file.go:20.2,23.16 3 0
github.com/jasaf/finalize-cli/internal/file/file.go:23.16,25.3 1 0
github.com/jasaf/finalize-cli/internal/file/file.go:27.2,28.37 2 0
github.com/jasaf/finalize-cli/internal/file/file.go:28.37,30.17 2 0
github.com/jasaf/finalize-cli/internal/file/file.go:30.17,32.4 1 0
github.com/jasaf/finalize-cli/internal/file/file.go:34.3,35.17 2 0
github.com/jasaf/finalize-cli/internal/file/file.go:35.17,37.4 1 0
github.com/jasaf/finalize-cli/internal/file/file.go:39.3,48.33 2 0
github.com/jasaf/finalize-cli/internal/file/file.go:51.2,51.20 1 0
github.com/jasaf/finalize-cli/internal/helpers/dateformat.go:11.51,15.2 2 0
github.com/jasaf/finalize-cli/internal/item/item.go:9.96,12.32 2 0
github.com/jasaf/finalize-cli/internal/item/item.go:12.32,13.64 1 0
github.com/jasaf/finalize-cli/internal/item/item.go:13.64,14.12 1 0
github.com/jasaf/finalize-cli/internal/item/item.go:17.3,18.22 2 0
github.com/jasaf/finalize-cli/internal/item/item.go:18.22,20.4 1 0
github.com/jasaf/finalize-cli/internal/item/item.go:22.3,24.25 3 0
github.com/jasaf/finalize-cli/internal/item/item.go:24.25,26.4 1 0
github.com/jasaf/finalize-cli/internal/item/item.go:28.3,30.22 3 0
github.com/jasaf/finalize-cli/internal/item/item.go:30.22,32.4 1 0
github.com/jasaf/finalize-cli/internal/item/item.go:34.3,34.50 1 0
github.com/jasaf/finalize-cli/internal/item/item.go:37.2,37.23 1 0
github.com/jasaf/finalize-cli/cmd/main.go:13.13,16.16 3 0
github.com/jasaf/finalize-cli/cmd/main.go:16.16,18.3 1 0
github.com/jasaf/finalize-cli/cmd/main.go:20.2,21.16 2 0
github.com/jasaf/finalize-cli/cmd/main.go:21.16,23.3 1 0
github.com/jasaf/finalize-cli/cmd/main.go:25.2,27.60 2 0
github.com/jasaf/finalize-cli/cmd/main.go:27.60,29.3 1 0
github.com/jasaf/finalize-cli/internal/console/console.go:14.80,21.39 5 1
github.com/jasaf/finalize-cli/internal/console/console.go:21.39,23.3 1 0
github.com/jasaf/finalize-cli/internal/console/console.go:25.2,25.24 1 1
github.com/jasaf/finalize-cli/internal/console/console.go:25.24,27.3 1 1
github.com/jasaf/finalize-cli/internal/console/console.go:28.2,28.29 1 1
github.com/jasaf/finalize-cli/internal/console/console.go:28.29,30.3 1 1
github.com/jasaf/finalize-cli/internal/console/console.go:32.2,34.27 2 1
github.com/jasaf/finalize-cli/internal/console/console.go:34.27,36.3 1 1
github.com/jasaf/finalize-cli/internal/console/console.go:38.2,39.16 2 1
github.com/jasaf/finalize-cli/internal/console/console.go:39.16,41.3 1 0
github.com/jasaf/finalize-cli/internal/console/console.go:43.2,44.16 2 1
github.com/jasaf/finalize-cli/internal/console/console.go:44.16,46.3 1 0
github.com/jasaf/finalize-cli/internal/console/console.go:48.2,52.8 1 1
github.com/jasaf/finalize-cli/internal/console/console.go:55.32,57.16 2 0
github.com/jasaf/finalize-cli/internal/console/console.go:57.16,59.3 1 0
github.com/jasaf/finalize-cli/internal/console/console.go:61.2,63.12 2 0
github.com/jasaf/finalize-cli/internal/helpers/dateformat.go:11.51,15.2 2 1
